2026-05-26 02:07:29,704 [INFO] Initializing Spark session dengan Delta Lake...
2026-05-26 02:07:32,902 [INFO] ✓ Spark session berhasil dibuat
2026-05-26 02:07:32,903 [INFO] 
============================================================
2026-05-26 02:07:32,903 [INFO] Proses Data API
2026-05-26 02:07:32,903 [INFO] ============================================================
2026-05-26 02:07:32,903 [INFO] Membaca data API dari HDFS: hdfs://localhost:9000/data/pangan/api/...
2026-05-26 02:07:38,644 [INFO] ✓ Berhasil membaca 719 records dari API
2026-05-26 02:07:38,644 [INFO] Menambahkan metadata untuk api...
2026-05-26 02:07:38,749 [INFO] ✓ Metadata ditambahkan. Total columns: 25
2026-05-26 02:07:38,749 [INFO] Menulis API data ke Bronze layer: ./lakehouse_data/bronze/pangan_api...
2026-05-26 02:07:48,852 [INFO] ✓ Berhasil menulis ke ./lakehouse_data/bronze/pangan_api
2026-05-26 02:07:48,852 [INFO] Verifying Bronze API layer...
2026-05-26 02:07:48,883 [INFO] Schema (API):
2026-05-26 02:07:50,014 [INFO] Total records: 719
2026-05-26 02:07:50,017 [INFO] ✓ Metadata columns verified
2026-05-26 02:07:50,017 [INFO] ✓ Verification API complete
2026-05-26 02:07:50,017 [INFO] 
============================================================
2026-05-26 02:07:50,017 [INFO] Proses Data RSS
2026-05-26 02:07:50,017 [INFO] ============================================================
2026-05-26 02:07:50,017 [INFO] Membaca data RSS dari HDFS: hdfs://localhost:9000/data/pangan/rss/...
2026-05-26 02:07:52,684 [INFO] ✓ Berhasil membaca 1,222 records dari RSS
2026-05-26 02:07:52,684 [INFO] Menambahkan metadata untuk rss...
2026-05-26 02:07:52,699 [INFO] ✓ Metadata ditambahkan. Total columns: 25
2026-05-26 02:07:52,699 [INFO] Menulis RSS data ke Bronze layer: ./lakehouse_data/bronze/pangan_rss...
2026-05-26 02:07:55,025 [INFO] ✓ Berhasil menulis ke ./lakehouse_data/bronze/pangan_rss
2026-05-26 02:07:55,026 [INFO] Verifying Bronze RSS layer...
2026-05-26 02:07:55,043 [INFO] Schema (RSS):
2026-05-26 02:07:55,572 [INFO] Total records: 1,222
2026-05-26 02:07:55,574 [INFO] ✓ Metadata columns verified
2026-05-26 02:07:55,574 [INFO] ✓ Verification RSS complete
2026-05-26 02:07:55,574 [INFO] 
============================================================
2026-05-26 02:07:55,574 [INFO] BRONZE LAYER INGESTION SUMMARY
2026-05-26 02:07:55,574 [INFO] ============================================================
2026-05-26 02:07:55,574 [INFO]   API: ✓ SUCCESS
2026-05-26 02:07:55,574 [INFO]   RSS: ✓ SUCCESS
2026-05-26 02:07:55,574 [INFO] ✓ Bronze layer ingestion berhasil!
2026-05-26 02:07:55,940 [INFO] Spark session ditutup
2026-05-26 02:07:55,940 [INFO] Closing down clientserver connection
