2026-05-25 14:16:43 [INFO] ╔══════════════════════════════════════════════════════╗
2026-05-25 14:16:43 [INFO] ║  HargaPangan — consumer_to_hdfs.py                   ║
2026-05-25 14:16:43 [INFO] ║  Kafka → HDFS + Dashboard Live Files                 ║
2026-05-25 14:16:43 [INFO] ╚══════════════════════════════════════════════════════╝
2026-05-25 14:16:43 [INFO] Kafka Broker     : localhost:9092
2026-05-25 14:16:43 [INFO] Topics           : ['pangan-api', 'pangan-rss']
2026-05-25 14:16:43 [INFO] Consumer Group   : pangan-hdfs-consumer
2026-05-25 14:16:43 [INFO] Flush Interval   : 2 menit
2026-05-25 14:16:43 [INFO] HDFS Base        : /data/pangan
2026-05-25 14:16:43 [INFO] Dashboard Dir    : /home/aaron31/BigDat/BigData-ETS/dashboard/data
2026-05-25 14:16:52 [INFO] [Worker] Memulai thread untuk topic: pangan-api
2026-05-25 14:16:52 [INFO] [Main] Thread dimulai: consumer-pangan-api
2026-05-25 14:16:52 [INFO] [Worker] Memulai thread untuk topic: pangan-rss
2026-05-25 14:16:52 [INFO] [Main] Thread dimulai: consumer-pangan-rss
2026-05-25 14:16:52 [INFO] <BrokerConnection node_id=bootstrap-0 host=localhost:9092 <connecting> [IPv4 ('127.0.0.1', 9092)]>: connecting to localhost:9092 [('127.0.0.1', 9092) IPv4]
2026-05-25 14:16:52 [INFO] <BrokerConnection node_id=bootstrap-0 host=localhost:9092 <connecting> [IPv4 ('127.0.0.1', 9092)]>: connecting to localhost:9092 [('127.0.0.1', 9092) IPv4]
2026-05-25 14:16:52 [INFO] 
[Main] 2 thread berjalan. Ctrl+C untuk berhenti.

2026-05-25 14:16:52 [INFO] Probing node bootstrap-0 broker version
2026-05-25 14:16:52 [INFO] Probing node bootstrap-0 broker version
2026-05-25 14:16:52 [INFO] <BrokerConnection node_id=bootstrap-0 host=localhost:9092 <connecting> [IPv4 ('127.0.0.1', 9092)]>: Connection complete.
2026-05-25 14:16:52 [INFO] <BrokerConnection node_id=bootstrap-0 host=localhost:9092 <connecting> [IPv4 ('127.0.0.1', 9092)]>: Connection complete.
2026-05-25 14:16:52 [INFO] Broker version identified as 2.5.0
2026-05-25 14:16:52 [INFO] Broker version identified as 2.5.0
2026-05-25 14:16:52 [INFO] Set configuration api_version=(2, 5, 0) to skip auto check_version requests on startup
2026-05-25 14:16:52 [INFO] Set configuration api_version=(2, 5, 0) to skip auto check_version requests on startup
2026-05-25 14:16:52 [INFO] Updating subscribed topics to: ('pangan-rss',)
2026-05-25 14:16:52 [INFO] Updating subscribed topics to: ('pangan-api',)
2026-05-25 14:16:52 [INFO] <BrokerConnection node_id=1 host=localhost:9092 <connecting> [IPv4 ('127.0.0.1', 9092)]>: connecting to localhost:9092 [('127.0.0.1', 9092) IPv4]
2026-05-25 14:16:52 [INFO] <BrokerConnection node_id=1 host=localhost:9092 <connecting> [IPv4 ('127.0.0.1', 9092)]>: Connection complete.
2026-05-25 14:16:52 [INFO] <BrokerConnection node_id=bootstrap-0 host=localhost:9092 <connected> [IPv4 ('127.0.0.1', 9092)]>: Closing connection. 
2026-05-25 14:16:52 [INFO] <BrokerConnection node_id=1 host=localhost:9092 <connecting> [IPv4 ('127.0.0.1', 9092)]>: connecting to localhost:9092 [('127.0.0.1', 9092) IPv4]
2026-05-25 14:16:52 [INFO] <BrokerConnection node_id=1 host=localhost:9092 <connecting> [IPv4 ('127.0.0.1', 9092)]>: Connection complete.
2026-05-25 14:16:52 [INFO] <BrokerConnection node_id=bootstrap-0 host=localhost:9092 <connected> [IPv4 ('127.0.0.1', 9092)]>: Closing connection. 
2026-05-25 14:16:53 [INFO] Group coordinator for pangan-hdfs-consumer is BrokerMetadata(nodeId='coordinator-1', host='localhost', port=9092, rack=None)
2026-05-25 14:16:53 [INFO] Discovered coordinator coordinator-1 for group pangan-hdfs-consumer
2026-05-25 14:16:53 [INFO] Starting new heartbeat thread
2026-05-25 14:16:53 [INFO] Revoking previously assigned partitions set() for group pangan-hdfs-consumer
2026-05-25 14:16:53 [INFO] <BrokerConnection node_id=coordinator-1 host=localhost:9092 <connecting> [IPv4 ('127.0.0.1', 9092)]>: connecting to localhost:9092 [('127.0.0.1', 9092) IPv4]
2026-05-25 14:16:53 [INFO] <BrokerConnection node_id=coordinator-1 host=localhost:9092 <connecting> [IPv4 ('127.0.0.1', 9092)]>: Connection complete.
2026-05-25 14:16:53 [INFO] Group coordinator for pangan-hdfs-consumer is BrokerMetadata(nodeId='coordinator-1', host='localhost', port=9092, rack=None)
2026-05-25 14:16:53 [INFO] Discovered coordinator coordinator-1 for group pangan-hdfs-consumer
2026-05-25 14:16:53 [INFO] Starting new heartbeat thread
2026-05-25 14:16:53 [INFO] Revoking previously assigned partitions set() for group pangan-hdfs-consumer
2026-05-25 14:16:53 [INFO] <BrokerConnection node_id=coordinator-1 host=localhost:9092 <connecting> [IPv4 ('127.0.0.1', 9092)]>: connecting to localhost:9092 [('127.0.0.1', 9092) IPv4]
2026-05-25 14:16:53 [INFO] <BrokerConnection node_id=coordinator-1 host=localhost:9092 <connecting> [IPv4 ('127.0.0.1', 9092)]>: Connection complete.
2026-05-25 14:16:53 [INFO] (Re-)joining group pangan-hdfs-consumer
2026-05-25 14:16:53 [INFO] (Re-)joining group pangan-hdfs-consumer
2026-05-25 14:16:53 [INFO] Elected group leader -- performing partition assignments using range
2026-05-25 14:16:53 [INFO] (Re-)joining group pangan-hdfs-consumer
2026-05-25 14:16:53 [INFO] Elected group leader -- performing partition assignments using range
2026-05-25 14:16:53 [WARNING] No partition metadata for topic pangan-api
2026-05-25 14:16:53 [INFO] Successfully joined group pangan-hdfs-consumer with generation 2
2026-05-25 14:16:53 [INFO] Updated partition assignment: []
2026-05-25 14:16:53 [INFO] Setting newly assigned partitions set() for group pangan-hdfs-consumer
2026-05-25 14:16:53 [INFO] Successfully joined group pangan-hdfs-consumer with generation 2
2026-05-25 14:16:53 [INFO] Updated partition assignment: [TopicPartition(topic='pangan-rss', partition=0)]
2026-05-25 14:16:53 [INFO] Setting newly assigned partitions {TopicPartition(topic='pangan-rss', partition=0)} for group pangan-hdfs-consumer
2026-05-25 14:16:53 [INFO] Revoking previously assigned partitions {TopicPartition(topic='pangan-rss', partition=0)} for group pangan-hdfs-consumer
2026-05-25 14:16:53 [INFO] (Re-)joining group pangan-hdfs-consumer
2026-05-25 14:16:56 [WARNING] Heartbeat failed for group pangan-hdfs-consumer because it is rebalancing
2026-05-25 14:16:56 [INFO] Revoking previously assigned partitions set() for group pangan-hdfs-consumer
2026-05-25 14:16:56 [INFO] (Re-)joining group pangan-hdfs-consumer
2026-05-25 14:16:56 [INFO] Elected group leader -- performing partition assignments using range
2026-05-25 14:16:56 [INFO] Successfully joined group pangan-hdfs-consumer with generation 3
2026-05-25 14:16:56 [INFO] Updated partition assignment: [TopicPartition(topic='pangan-api', partition=0)]
2026-05-25 14:16:56 [INFO] Setting newly assigned partitions {TopicPartition(topic='pangan-api', partition=0)} for group pangan-hdfs-consumer
2026-05-25 14:16:56 [INFO] Successfully joined group pangan-hdfs-consumer with generation 3
2026-05-25 14:16:56 [INFO] Updated partition assignment: [TopicPartition(topic='pangan-rss', partition=0)]
2026-05-25 14:16:56 [INFO] Setting newly assigned partitions {TopicPartition(topic='pangan-rss', partition=0)} for group pangan-hdfs-consumer
2026-05-25 14:16:57 [INFO] [pangan-api] Diterima (1): {'message_id': 'b03db5a0c720', 'schema_version': '1.0', 'komoditas': 'beras', 'l...
2026-05-25 14:16:57 [INFO] [pangan-api] Diterima (2): {'message_id': '86bb503af591', 'schema_version': '1.0', 'komoditas': 'jagung', '...
2026-05-25 14:16:57 [INFO] [pangan-api] Diterima (3): {'message_id': '92e985f64660', 'schema_version': '1.0', 'komoditas': 'kedelai', ...
2026-05-25 14:16:57 [INFO] [pangan-api] Diterima (4): {'message_id': '07ecb0a906fd', 'schema_version': '1.0', 'komoditas': 'gula', 'la...
2026-05-25 14:16:57 [INFO] [pangan-api] Diterima (5): {'message_id': 'db0f4bd93b1d', 'schema_version': '1.0', 'komoditas': 'minyak_gor...
2026-05-25 14:16:57 [INFO] [pangan-api] Diterima (6): {'message_id': 'a12c1c1f88bc', 'schema_version': '1.0', 'komoditas': 'cabai', 'l...
2026-05-25 14:16:57 [INFO] [pangan-api] Diterima (7): {'message_id': 'f1d192e50f7b', 'schema_version': '1.0', 'komoditas': 'bawang_mer...
2026-05-25 14:16:57 [INFO] [pangan-api] Diterima (8): {'message_id': 'e36cfa8ba4b9', 'schema_version': '1.0', 'komoditas': 'telur', 'l...
2026-05-25 14:16:57 [INFO] [pangan-rss] Diterima (1): {'title': 'GPM Bantu Warga Dapat Kebutuhan Pokok Terjangkau Jelang Iduladha - Pe...
2026-05-25 14:16:57 [INFO] [pangan-rss] Diterima (2): {'title': 'Disperindag Jabar Gelar Pasar Murah Jelang Iduladha, Kebutuhan Pokok ...
2026-05-25 14:16:57 [INFO] [pangan-rss] Diterima (3): {'title': 'Harga-Harga Pangan Mulai Naik Jelang Iduladha, Mendag Bilang Stabil -...
2026-05-25 14:16:57 [INFO] [pangan-rss] Diterima (4): {'title': 'Jaga Stabilitas Harga, Pemkab Natuna Gelar Pasar Pangan Murah di Bung...
2026-05-25 14:16:57 [INFO] [pangan-rss] Diterima (5): {'title': 'Harga Bahan Pangan di Pasar Serpong Naik, Daya Beli Turun - Kabar6.co...
2026-05-25 14:16:57 [INFO] [pangan-rss] Diterima (6): {'title': 'Harga Sembako Hari Ini 25 Mei 2026 Naik Komoditas Bumbu Dapur Meroket...
2026-05-25 14:16:57 [INFO] [pangan-rss] Diterima (7): {'title': 'Idul Adha Mendekat, Bahan Pokok Ikut Merangkak - Bloomberg Technoz', ...
2026-05-25 14:16:57 [INFO] [pangan-rss] Diterima (8): {'title': 'PERKEMBANGAN HARGA RATA-RATA BEBERAPA BAHAN POKOK (SENIN, 25 MEI 2026...
2026-05-25 14:16:57 [INFO] [pangan-rss] Diterima (9): {'title': 'PIHPS: Cabai Rawit Merah Tembus Rp81.300 Per Kg, Telur Ayam Ras Rp33....
2026-05-25 14:16:57 [INFO] [pangan-rss] Diterima (10): {'title': 'Jelang Iduladha, Harga Pangan Nasional Melonjak - TVRI News', 'link':...
2026-05-25 14:16:57 [INFO] [pangan-rss] Diterima (11): {'title': 'Khofifah Hadiri Pasar Murah ke-69 di Kediri, Harga Bahan Pokok Dijual...
2026-05-25 14:16:57 [INFO] [pangan-rss] Diterima (12): {'title': 'Harga Bahan Pokok di Pasar Klandasan Relatif Stabil, Cabai Rawit Tert...
2026-05-25 14:16:57 [INFO] [pangan-rss] Diterima (13): {'title': 'Daftar Harga Pangan 25 Mei 2026 Melonjak Drastis Dipimpin Cabai dan B...
2026-05-25 14:16:57 [INFO] [pangan-rss] Diterima (14): {'title': 'Maluku lakukan gerakan pangan murah guna stabilkan harga bahan pokok ...
2026-05-25 14:16:57 [INFO] [pangan-rss] Diterima (15): {'title': 'Satgas Saber Pangan Polda Bali Intensifkan Sidak Pasar untuk Jaga Sta...
2026-05-25 14:16:57 [INFO] [pangan-rss] Diterima (16): {'title': 'Jelang Iduladha, Stok Pangan Aman Namun Harga Cabai Alami Kenaikan - ...
2026-05-25 14:16:57 [INFO] [pangan-rss] Diterima (17): {'title': 'Menjelang Iduladha, Mendag Pastikan Harga Pangan Stabil - TVRI News',...
2026-05-25 14:16:57 [INFO] [pangan-rss] Diterima (18): {'title': 'Video: Bantuan Pangan Diperpanjang, Harga Bahan Pokok Akan Stabil - C...
2026-05-25 14:16:57 [INFO] [pangan-rss] Diterima (19): {'title': 'Kawal Stabilitas Pangan, Polsek Umbulharjo Amankan Peluncuran Warung ...
2026-05-25 14:16:57 [INFO] [pangan-rss] Diterima (20): {'title': 'Pemko Tanjungpinang Gelar Pasar Murah Jelang Iduladha, Bantu Stabilka...
2026-05-25 14:16:57 [INFO] [pangan-rss] Diterima (21): {'title': 'Jelang Ramadan, Pemkot Surabaya Intensifkan Gerakan Pangan Murah Teka...
2026-05-25 14:16:57 [INFO] [pangan-rss] Diterima (22): {'title': 'Babinsa Koramil 07/Wedi Monitoring Pasar Mundu, Pastikan Stabilitas H...
2026-05-25 14:16:57 [INFO] [pangan-rss] Diterima (23): {'title': 'Pemkab Pantau Harga Komoditas Pangan - Berita Kota Makassar', 'link':...
2026-05-25 14:16:57 [INFO] [pangan-rss] Diterima (24): {'title': 'Stabilkan Harga dan Pasokan Bahan Pokok, Pemkab Pelalawan Gelar Gerak...
2026-05-25 14:16:57 [INFO] [pangan-rss] Diterima (25): {'title': 'Demi Cegah Lonjakan Harga, Satgas Saber Pangan Polda Bali Sidak Harga...
2026-05-25 14:16:57 [INFO] [pangan-rss] Diterima (26): {'title': 'Pasokan Seret, Harga Cabai Merah Melonjak hingga Rp50 Ribu - masakini...
2026-05-25 14:16:57 [INFO] [pangan-rss] Diterima (27): {'title': 'Harga Pangan Sabtu (23/5) Jelang Iduladha 2026: Cabai-Daging Sapi Nai...
2026-05-25 14:16:57 [INFO] [pangan-rss] Diterima (28): {'title': 'Jelang Idul Adha, Khofifah Pastikan Stok dan Harga Pangan di Bojonego...
2026-05-25 14:16:57 [INFO] [pangan-rss] Diterima (29): {'title': 'Satgas Pangan Kota Palu Pastikan Stok Bahan Pangan Aman Jelang Idul A...
2026-05-25 14:16:57 [INFO] [pangan-rss] Diterima (30): {'title': 'Harga Sembako PPU Jelang Iduladha 2026, Cabai Naik, Bawang Stabil - B...
2026-05-25 14:16:58 [INFO] [pangan-rss] Diterima (31): {'title': 'Tekan Laju Inflasi Jelang Idul Adha, Pemkot Bima Gelar Gerakan Pangan...
2026-05-25 14:16:58 [INFO] [pangan-rss] Diterima (32): {'title': 'Bulog Maluku adakan pasar murah untuk jaga stabilitas harga - ANTARA ...
2026-05-25 14:16:59 [INFO] [pangan-rss] Diterima (33): {'title': 'Harga Bawang Merah dan Cabai di Mojokerto Naik, LPG 3 Kg Tembus Rp19....
2026-05-25 14:16:59 [INFO] [pangan-rss] Diterima (34): {'title': 'Harga Pangan Hari Ini: Cabai Rawit Merah Tembus Rp73.500 per Kg - Har...
2026-05-25 14:17:00 [INFO] [pangan-rss] Diterima (35): {'title': 'Gerakan Pangan Murah Bojonegoro Bantu Stabilkan Harga Bahan Pokok - I...
2026-05-25 14:17:01 [INFO] [pangan-rss] Diterima (36): {'title': 'Data Harga Cabai di Pasar Muara Aman Sejalan dengan Dinas Ketahanan P...
2026-05-25 14:17:01 [INFO] [pangan-rss] Diterima (37): {'title': 'Berikut! Perkembangan Harga Bahan Pokok Pangan dan Barang Kebutuhan P...
2026-05-25 14:17:02 [INFO] [pangan-rss] Diterima (38): {'title': 'Pemkab Kendal dan Pemprov Jateng Salurkan Subsidi Pangan di Kecamatan...
2026-05-25 14:17:02 [INFO] [pangan-rss] Diterima (39): {'title': 'Harga Bahan Pokok Jabodetabek 22 Mei 2026 Bergerak Variatif - Babel I...
2026-05-25 14:17:03 [INFO] [pangan-rss] Diterima (40): {'title': 'Pemprov Maluku sidak pasar pastikan stabilitas harga jelang Idul Adha...
2026-05-25 14:17:03 [INFO] [pangan-rss] Diterima (41): {'title': 'Stabilisasi Harga pangan Menjelang Bulan Ramadhan, Pemkab Sidoarjo Ak...
2026-05-25 14:17:04 [INFO] [pangan-rss] Diterima (42): {'title': 'Harga Tiket Mahal Menjalar ke Harga Pangan, Daerah Mulai Waspadai Tek...
2026-05-25 14:17:04 [INFO] [pangan-rss] Diterima (43): {'title': 'Harga Sembako Naik Signifikan - tangerangekspres.disway.id - Disway',...
2026-05-25 14:17:05 [INFO] [pangan-rss] Diterima (44): {'title': 'Pelemahan Rupiah Tembus Rp17.668 Picu Lonjakan Harga Pangan dan Biaya...
2026-05-25 14:17:06 [INFO] [pangan-rss] Diterima (45): {'title': 'Jaga Stabilitas Harga, Pemkot Bima Gelar Gerakan Pangan Murah Jelang ...
2026-05-25 14:17:06 [INFO] [pangan-rss] Diterima (46): {'title': 'Harga Bahan Pangan di Tangerang Selatan Melonjak Jelang Idul Adha - B...
2026-05-25 14:17:07 [INFO] [pangan-rss] Diterima (47): {'title': 'Pelemahan Rupiah Menembus Rp17.668 Picu Lonjakan Harga Pangan dan Sek...
2026-05-25 14:17:07 [INFO] [pangan-rss] Diterima (48): {'title': 'Pemkot-Palu pastikan kebutuhan bahan pokok terpenuhi jelang Idul Adha...
2026-05-25 14:17:08 [INFO] [pangan-rss] Diterima (49): {'title': 'Pemprov Riau Gelar Operasi Pasar Murah di Pekanbaru Jelang Iduladha, ...
2026-05-25 14:17:08 [INFO] [pangan-rss] Diterima (50): {'title': 'Tren Masakan Rumahan Meningkat Tajam Per 22 Mei 2026 Akibat Lonjakan ...
2026-05-25 14:17:09 [INFO] [pangan-rss] Diterima (51): {'title': 'Forkopimda Pekanbaru Waspadai Kenaikan Harga Pangan Jelang Iduladha -...
2026-05-25 14:17:09 [INFO] [pangan-rss] Diterima (52): {'title': 'Harga Tomat Melonjak Tajam, Tembus Rp25 Ribu per Kilogram - masakini....
2026-05-25 14:17:10 [INFO] [pangan-rss] Diterima (53): {'title': 'Harga Pangan Hari Ini (07/5) di Lampung: Harga Cabai Merah dan Daging...
2026-05-25 14:17:10 [INFO] [pangan-rss] Diterima (54): {'title': 'Harga Bahan Pokok di Pasar Baru Bekasi Naik, Disperindag: Masih Batas...
2026-05-25 14:17:11 [INFO] [pangan-rss] Diterima (55): {'title': 'Gerakan Pangan Murah Pemko Langsa Diserbu Warga Saat Car Free Day - l...
2026-05-25 14:17:11 [INFO] [pangan-rss] Diterima (56): {'title': 'Kenaikan Harga Pangan Jelang Iduladha, DKI Minta Warga Tak Panic Buyi...
2026-05-25 14:17:12 [INFO] [pangan-rss] Diterima (57): {'title': 'Jelang Iduladha 2026, Harga Cabai hingga Daging Sapi Kompak Naik - ko...
2026-05-25 14:17:12 [INFO] [pangan-rss] Diterima (58): {'title': 'Gerakan Pangan Murah di Stand Dinas TPHP Jadi Daya Tarik Kalteng Expo...
2026-05-25 14:17:13 [INFO] [pangan-rss] Diterima (59): {'title': 'Pemprov Lampung Perkuat Stabilitas Harga Bahan Pangan Lewat Operasi P...
2026-05-25 14:17:13 [INFO] [pangan-rss] Diterima (60): {'title': 'Asisten II Pimpin Sidak Pasar Jelang Idul Adha, Pemkot Bima Pastikan ...
2026-05-25 14:17:14 [INFO] [pangan-rss] Diterima (61): {'title': 'Harga Bahan Pokok Naik Menjelang Nataru, Gubernur Siapkan Langkah Sta...
2026-05-25 14:17:14 [INFO] [pangan-rss] Diterima (62): {'title': 'Jelang Idul Adha, Babinsa Serbelawan Pantau Harga Bahan Pokok di Paja...
2026-05-25 14:17:15 [INFO] [pangan-rss] Diterima (63): {'title': 'Harga Bahan Pokok di Jadetabek Hari Ini, Berikut Daftar Lengkapnya - ...
2026-05-25 14:17:15 [INFO] [pangan-rss] Diterima (64): {'title': 'Sidak Pasar Serpong, Pemkot Tangsel Temukan Mi dan Tahu Berformalin -...
2026-05-25 14:17:16 [INFO] [pangan-rss] Diterima (65): {'title': 'Daftar Harga Pangan di Bali 24 Mei 2026 - IDN Times Bali', 'link': 'h...
2026-05-25 14:17:16 [INFO] [pangan-rss] Diterima (66): {'title': 'Gerakan Pangan Murah Diserbu Warga Jelang lebaran Idul Adha - Kabar S...
2026-05-25 14:17:17 [INFO] [pangan-rss] Diterima (67): {'title': 'Info Harga Bahan Pokok di Gorontalo H-3 Jelang Idul Adha 2026 - Duloh...
2026-05-25 14:17:17 [INFO] [pangan-rss] Diterima (68): {'title': 'Gelontorkan Bantuan Pangan hingga Juni, Jurus Pemerintah Tekan Harga ...
2026-05-25 14:17:18 [INFO] [pangan-rss] Diterima (69): {'title': 'Jelang Idul Adha, Harga Sembako di Pasar Rangkasbitung Meroket - Bant...
2026-05-25 14:17:18 [INFO] [pangan-rss] Diterima (70): {'title': 'Antisipasi Lonjakan Harga Jelang Idul Adha, Ayu Nur Suri Dorong Stabi...
2026-05-25 14:17:19 [INFO] [pangan-rss] Diterima (71): {'title': 'Harga Pangan Naik Serentak, Beras hingga Cabai Melonjak Dua Digit Awa...
2026-05-25 14:17:19 [INFO] [pangan-rss] Diterima (72): {'title': 'Jelang Iduladha, Pemprov DKI Ingatkan Warga Tak Panic Buying Saat Har...
2026-05-25 14:17:20 [INFO] [pangan-rss] Diterima (73): {'title': 'Tim Satgas Pangan dan TPID Prov. Kalteng Laksanakan Pemantauan Harga ...
2026-05-25 14:17:20 [INFO] [pangan-rss] Diterima (74): {'title': 'Gubernur Jatim: Pasar murah jelang Idul Adha kendalikan harga - Antar...
2026-05-25 14:17:21 [INFO] [pangan-rss] Diterima (75): {'title': 'Pemprov Riau Gelar Pasar Murah untuk Stabilkan Harga Pangan Jelang Id...
2026-05-25 14:17:21 [INFO] [pangan-rss] Diterima (76): {'title': 'Gubernur Ahmad Luthfi Turun Pasar, Cek Stok dan Harga Bahan Pokok - P...
2026-05-25 14:17:22 [INFO] [pangan-rss] Diterima (77): {'title': 'Jelang Hari Besar Keagamaan, Ketersediaan dan Stabilitas Harga Bahan ...
2026-05-25 14:17:23 [INFO] [pangan-rss] Diterima (78): {'title': 'Inflasi Lampung Terkendali, Pemprov Lampung Intensifkan Pengawasan da...
2026-05-25 14:17:23 [INFO] [pangan-rss] Diterima (79): {'title': 'Intervensi Harga Jelang Idul Adha, Pasar Murah Pemprov Riau Sasar Dua...
2026-05-25 14:17:24 [INFO] [pangan-rss] Diterima (80): {'title': 'Satgas Pangan Polda Bali Perkuat Pengawasan Harga dan Ketersediaan Ba...
2026-05-25 14:17:24 [INFO] [pangan-rss] Diterima (81): {'title': 'Maluku gelar pangan murah, MinyaKita dijual Rp15 Ribu - Elshinta', 'l...
2026-05-25 14:17:25 [INFO] [pangan-rss] Diterima (82): {'title': 'Jelang Lebaran, Harga Bahan Pokok di Bandung Stabil - Jabarprov', 'li...
2026-05-25 14:17:25 [INFO] [pangan-rss] Diterima (83): {'title': 'Satgas Pangan Polres Lampung Utara Cek Harga Minyak Kita di Pasar Can...
2026-05-25 14:17:26 [INFO] [pangan-rss] Diterima (84): {'title': 'Redam Kenaikan Harga, Pemprov Jateng Telah Gelar 333 Kali Gerakan Pan...
2026-05-25 14:17:26 [INFO] [pangan-rss] Diterima (85): {'title': 'Harga Pangan Hari Ini (20/2) di DKI Jakarta: Cabai Rawit Naik, Minyak...
2026-05-25 14:17:27 [INFO] [pangan-rss] Diterima (86): {'title': 'Sidak Pasar Amahami, Harga Sembako Stabil di Pertengahan Ramadan - Pe...
2026-05-25 14:17:27 [INFO] [pangan-rss] Diterima (87): {'title': 'Simak Harga Terbaru Bahan-bahan Pokok Hari Ini - MetroTVNews.com', 'l...
2026-05-25 14:17:28 [INFO] [pangan-rss] Diterima (88): {'title': 'ORI Gorontalo pantau stok dan harga pangan di pasar - Ombudsman RI', ...
2026-05-25 14:17:28 [INFO] [pangan-rss] Diterima (89): {'title': 'Harga Pangan Hari Ini (19/2) di Jawa Barat: Cabai Merah Naik, Gula Tu...
2026-05-25 14:17:29 [INFO] [pangan-rss] Diterima (90): {'title': 'Harga Pangan Hari Ini (05/3) di Jawa Barat: Harga Cabai Rawit, Cabai ...
2026-05-25 14:17:29 [INFO] [pangan-rss] Diterima (91): {'title': 'Pantau Harga Pangan Jelang Ramadan, Sahli Yuas Elko: Harga Masih Rela...
2026-05-25 14:17:30 [INFO] [pangan-rss] Diterima (92): {'title': 'Jaga Stabilitas Harga, Pemprov Lampung Intensifkan Distribusi Bahan P...
2026-05-25 14:17:30 [INFO] [pangan-rss] Diterima (93): {'title': 'Update Harga Pangan Pokok Kota Tangerang Menjelang Bulan Ramadan, Cab...
2026-05-25 14:17:31 [INFO] [pangan-rss] Diterima (94): {'title': 'Lonjakan Harga Bahan Pokok Mengintai Konsumen Jelang Hari Raya Kurban...
2026-05-25 14:17:31 [INFO] [pangan-rss] Diterima (95): {'title': 'Harga Pangan Hari Ini (13/2) di DKI Jakarta: Cabai Merah Naik, Minyak...
2026-05-25 14:17:32 [INFO] [pangan-rss] Diterima (96): {'title': 'Gerakan Pangan Murah Nagan Raya Hadir untuk Tekan Harga Bahan Pokok -...
2026-05-25 14:17:32 [INFO] [pangan-rss] Diterima (97): {'title': 'Hari Raya Berlalu, Harga Bahan Pokok di Kota Kediri Kembali Hijau - D...
2026-05-25 14:17:33 [INFO] [pangan-rss] Diterima (98): {'title': 'Polsek Senapelan Rutin Pantau Sembako, Pastikan Stok Aman dan Harga T...
2026-05-25 14:17:33 [INFO] [pangan-rss] Diterima (99): {'title': 'Arman Nofriansyah Minta Pemerintah Pastikan Stabilitas Harga Pangan T...
2026-05-25 14:17:34 [INFO] [pangan-rss] Diterima (100): {'title': 'Hari Jadi Kalteng ke-69, Pemprov Subsidi Bahan Pangan Hingga 30 Perse...
2026-05-25 14:17:35 [INFO] [pangan-rss] Diterima (101): {'title': 'Harga Pangan Kompak Naik Jelang Idul Adha, Cabai Rawit Tembus Rp 73.0...
2026-05-25 14:17:36 [INFO] [pangan-rss] Diterima (102): {'title': 'Harga Cabai Naik Signifikan, Rawit Merah Tembus Rp73.500/Kg - Sektor ...
2026-05-25 14:17:36 [INFO] [pangan-rss] Diterima (103): {'title': 'Harga Pangan Hari Ini 25 Mei: Bawang dan Cabai Kompak Melonjak - Bisn...
2026-05-25 14:17:37 [INFO] [pangan-rss] Diterima (104): {'title': 'Harga Pangan Jelang Idul Adha 2026: Bawang, Cabai hingga Daging Merok...
2026-05-25 14:17:37 [INFO] [pangan-rss] Diterima (105): {'title': 'Mendag Sebut Harga Minyakita-Cabai Stabil Jelang Idul Adha - detikFin...
2026-05-25 14:17:38 [INFO] [pangan-rss] Diterima (106): {'title': 'DKI kemarin, fluktuasi harga pangan hingga kebakaran di Kalideres - A...
2026-05-25 14:17:39 [INFO] [pangan-rss] Diterima (107): {'title': 'Blackout Sumatra Berpotensi Picu Volatilitas Liar Harga Pangan di Sum...
2026-05-25 14:17:39 [INFO] [pangan-rss] Diterima (108): {'title': 'SURAT EDARAN TENTANG STABILISASI PASOKAN DAN HARGA KOMODITAS PANGAN M...
2026-05-25 14:17:40 [INFO] [pangan-rss] Diterima (109): {'title': 'Polres Kulonprogo Intensif Kawal Harga Pangan dan Awasi Pasar Rakyat ...
2026-05-25 14:17:40 [INFO] [pangan-rss] Diterima (110): {'title': 'BAPPERIDA BANJAR IKUTI RAKOR PENGENDALIAN INFLASI NASIONAL - PORTAL K...
2026-05-25 14:17:41 [INFO] [pangan-rss] Diterima (111): {'title': 'Bapanas Percepat Distribusi Minyakita Kendalikan Harga Pangan - pdipe...
2026-05-25 14:17:41 [INFO] [pangan-rss] Diterima (112): {'title': 'Pemko Tanjungpinang Intervensi Harga Pangan, Wawako Raja Ariza: Lindu...
2026-05-25 14:17:42 [INFO] [pangan-rss] Diterima (113): {'title': 'Pemprov Kalsel Gelar Pasar Murah di Batola, Upaya Jaga Stabilitas Har...
2026-05-25 14:17:42 [INFO] [pangan-rss] Diterima (114): {'title': 'Harga Komoditas Pangan Mulai Naik Jelang Iduladha - KONTAN', 'link': ...
2026-05-25 14:17:43 [INFO] [pangan-rss] Diterima (115): {'title': 'Harga Pangan Hari Ini: Cabai Rawit Merah Rp81.300/Kg, Telur Ayam Rp33...
2026-05-25 14:17:43 [INFO] [pangan-rss] Diterima (116): {'title': 'Harga Beras dan Pangan Lainnya di Bali 25 Mei 2026 - IDN Times Bali',...
2026-05-25 14:17:44 [INFO] [pangan-rss] Diterima (117): {'title': 'PIHPS: Harga daging sapi tembus Rp150 ribu per kg, gula premium Rp21....
2026-05-25 14:17:44 [INFO] [pangan-rss] Diterima (118): {'title': 'Jelang Iduladha, Pemprov Lampung Intensif Pantau Harga Pangan Strateg...
2026-05-25 14:17:45 [INFO] [pangan-rss] Diterima (119): {'title': 'Jelang Idul Adha, Pemprov Lampung Intensif Pantau Harga Pangan Strate...
2026-05-25 14:17:45 [INFO] [pangan-rss] Diterima (120): {'title': 'GPM Serentak, Pemkab Sidrap Jaga Stabilitas Harga Pangan Jelang Idul ...
2026-05-25 14:17:46 [INFO] [pangan-rss] Diterima (121): {'title': 'Bapanas: Waktu salur bantuan pangan diperpanjang hingga Juni - ANTARA...
2026-05-25 14:17:46 [INFO] [pangan-rss] Diterima (122): {'title': 'Pemkab Natuna Perkuat Komitmen Jaga Stabilitas Harga Pangan Melalui P...
2026-05-25 14:17:47 [INFO] [pangan-rss] Diterima (123): {'title': 'Jelang Iduladha, Pemkot Tangerang Perketat Pemantauan Harga dan Stok ...
2026-05-25 14:17:47 [INFO] [pangan-rss] Diterima (124): {'title': 'Bansos Pangan Beras dan Minyak Goreng Resmi Diperpanjang hingga Juni ...
2026-05-25 14:17:48 [INFO] [pangan-rss] Diterima (125): {'title': 'Berita Daerah || Jaga Stabilitas Harga Jelang Idul Adha, Pemkab Garut...
2026-05-25 14:17:48 [INFO] [pangan-rss] Diterima (126): {'title': 'Daftar Harga Komoditas Jelang Iduladha di Kota Tangerang, Mulai Dagin...
2026-05-25 14:17:49 [INFO] [pangan-rss] Diterima (127): {'title': 'Pemerintah Perpanjang Penyaluran Bantuan Pangan Sampai Juni 2026 - pd...
2026-05-25 14:17:49 [INFO] [pangan-rss] Diterima (128): {'title': 'Harga BBM stabil jelang Idul Adha - Antara News jatim', 'link': 'http...
2026-05-25 14:17:50 [INFO] [pangan-rss] Diterima (129): {'title': 'Harga Cabai Rawit Tembus Rp81.300 per Kg, Telur Rp33.100 - Harian Jog...
2026-05-25 14:17:50 [INFO] [pangan-rss] Diterima (130): {'title': 'Tekan Inflasi Jelang Idul Adha, Pemkab Pidie Jaya Gelar Gerakan Panga...
2026-05-25 14:17:51 [INFO] [pangan-rss] Diterima (131): {'title': 'Buka GPM di Desa Batu Langka Kecil, Wabup Misharti Tegaskan Komitmen ...
2026-05-25 14:17:51 [INFO] [pangan-rss] Diterima (132): {'title': 'Harga cabai rawit di Pasar Cipete capai Rp90 ribu jelang Idul Adha - ...
2026-05-25 14:17:52 [INFO] [pangan-rss] Diterima (133): {'title': 'Gerakan Pangan Murah Pangkep Jaga Stabilitas Harga Pangan - InfoPubli...
2026-05-25 14:17:52 [INFO] [pangan-rss] Diterima (134): {'title': 'Bulog cek gudang beras di Buleleng pastikan stok cukup jelang Idul Ad...
2026-05-25 14:17:53 [INFO] [pangan-rss] Diterima (135): {'title': 'Senator RI minta Bulog Belitung jaga stabilitas harga pangan - ANTARA...
2026-05-25 14:17:53 [INFO] [pangan-rss] Diterima (136): {'title': 'Rakor Pengendalian Harga Pangan Secara Virtual - Hai Kalteng', 'link'...
2026-05-25 14:17:54 [INFO] [pangan-rss] Diterima (137): {'title': 'Pemkot Cilegon Gelar Gerakan Pangan Murah untuk Stabilkan Harga Jelan...
2026-05-25 14:17:54 [INFO] [pangan-rss] Diterima (138): {'title': 'Blackout Berpotensi Picu Volatilitas Harga Pangan - harianSIB.com', '...
2026-05-25 14:17:55 [INFO] [pangan-rss] Diterima (139): {'title': 'Blackout Sumatra Belum Picu Kenaikan Harga Pangan Sumatra Utara - Bab...
2026-05-25 14:17:55 [INFO] [pangan-rss] Diterima (140): {'title': 'DKI Perketat Pengawasan Pasokan Pangan Jelang Iduladha - SinPo.id', '...
2026-05-25 14:17:56 [INFO] [pangan-rss] Diterima (141): {'title': 'Bupati Blitar Evaluasi Realisasi APBD 2026, Fokus pada Program Priori...
2026-05-25 14:17:56 [INFO] [pangan-rss] Diterima (142): {'title': 'Pekan Terakhir Mei, Harga Kebutuhan Pokok di Cirebon Melonjak Tak Ter...
2026-05-25 14:17:57 [INFO] [pangan-rss] Diterima (143): {'title': 'Harga Cabai Rawit Merah Naik Tajam Tembus Rp73.500 per Kg, Warga Meng...
2026-05-25 14:17:57 [INFO] [pangan-rss] Diterima (144): {'title': 'Harga Pangan 24 Mei 2026 Naik Menjelang Idul Adha - Pojok Papua', 'li...
2026-05-25 14:17:58 [INFO] [pangan-rss] Diterima (145): {'title': 'Harga Pangan Hari Ini 24 Mei: Harga Daging Sapi & Cabai Naik Jelang I...
2026-05-25 14:17:58 [INFO] [pangan-rss] Diterima (146): {'title': 'Satreskrim Polres Bangkep Cek Harga Pangan di Pasar Salakan, Awasi Pe...
2026-05-25 14:17:59 [INFO] [pangan-rss] Diterima (147): {'title': 'Inflasi Tahunan Indonesia Mereda Jadi 242 Persen Pada April 2026 - Ba...
2026-05-25 14:17:59 [INFO] [pangan-rss] Diterima (148): {'title': 'Bantuan Pangan Diperpanjang hingga Juni, Bapanas Genjot Distribusi - ...
2026-05-25 14:18:00 [INFO] [pangan-rss] Diterima (149): {'title': 'Pemprov DKI Pantau Ketat Harga Pangan Jelang Idul Adha 2026, Pasar Mu...
2026-05-25 14:18:00 [INFO] [pangan-rss] Diterima (150): {'title': 'Rupiah Melemah, Dampaknya Bisa ke Harga Pangan hingga PHK - Kompas.co...
2026-05-25 14:18:01 [INFO] [pangan-rss] Diterima (151): {'title': 'Disperindag Lebak Pastikan Stok Pangan Aman Jelang Idul Adha 1447 Hij...
2026-05-25 14:18:01 [INFO] [pangan-rss] Diterima (152): {'title': 'Awas Terulang! Cabai Merah-Cabai Rawit Biang Keladi Inflasi Iduladha ...
2026-05-25 14:18:02 [INFO] [pangan-rss] Diterima (153): {'title': 'Bansos Beras-Minyak Goreng Diperpanjang hingga Juni! - detikFinance',...
2026-05-25 14:18:02 [INFO] [pangan-rss] Diterima (154): {'title': 'Warga Jakarta Diminta Tidak Panic Buying di Tengah Kenaikan Harga Pan...
2026-05-25 14:18:03 [INFO] [pangan-rss] Diterima (155): {'title': "Harga Pangan Naik, Pemprov DKI Jakarta Ingatkan Warga Tak 'Panic Buyi...
2026-05-25 14:18:03 [INFO] [pangan-rss] Diterima (156): {'title': 'Pemprov DKI Pantau Kenaikan Harga Pangan Jelang Idul Adha - detikFina...
2026-05-25 14:18:04 [INFO] [pangan-rss] Diterima (157): {'title': 'Pemprov DKI Pantau Fluktuasi Harga Pangan Jelang Iduladha - MetroTVNe...
2026-05-25 14:18:04 [INFO] [pangan-rss] Diterima (158): {'title': 'Kenaikan Harga Pangan di Ibu Kota Jakarta Dipicu Meningkatnya Permint...
2026-05-25 14:18:05 [INFO] [pangan-rss] Diterima (159): {'title': 'Kenaikan Harga Plastik Global Ancam Katrol Harga Beras dan Gula - Bab...
2026-05-25 14:18:05 [INFO] [pangan-rss] Diterima (160): {'title': 'Harga Daging dan Pangan Lainnya di Bali 23 Mei 2026, Naik Atau Turun?...
2026-05-25 14:18:07 [INFO] [pangan-rss] Diterima (161): {'title': 'Polsek Lempuing Jaya Dampingi Warga Kembangkan Tanaman Labu untuk Duk...
2026-05-25 14:18:08 [INFO] [pangan-rss] Diterima (162): {'title': 'Pemkot Palembang Jamin Stok Sembako Aman hingga Akhir Tahun - Pemerin...
2026-05-25 14:18:08 [INFO] [pangan-rss] Diterima (163): {'title': 'Barantin Musnahkan 62,9 Ton Pangan Tidak Layak Konsumsi - Badan Karan...
2026-05-25 14:18:09 [INFO] [pangan-rss] Diterima (164): {'title': 'Dinas TPHP Prov Kalteng Dukung Gerakan Pangan Murah Melalui Kalteng E...
2026-05-25 14:18:09 [INFO] [pangan-rss] Diterima (165): {'title': 'Dua Hari Jelang Iduladha 1447 H, Harga Sejumlah Komoditas di Mimika M...
2026-05-25 14:18:10 [INFO] [pangan-rss] Diterima (166): {'title': 'Perkuat Ketahanan Pangan Nasional, Babinsa Koramil 1418-03/Kalukku Op...
2026-05-25 14:18:10 [INFO] [pangan-rss] Diterima (167): {'title': 'Harga Cabai hingga Bawang di Jakarta Naik Jelang Iduladha, Pemprov DK...
2026-05-25 14:18:11 [INFO] [pangan-rss] Diterima (168): {'title': 'Harga Cabai dan Bawang Merah Melonjak Tinggi Jelang Iduladha - Suara....
2026-05-25 14:18:12 [INFO] [pangan-rss] Diterima (169): {'title': 'Indonesia Capai 96 Persen Swasembada di Bawah Kepemimpinan Presiden P...
2026-05-25 14:18:12 [INFO] [pangan-rss] Diterima (170): {'title': 'Jelang Iduladha 2026, Harga Cabai hingga Daging Melonjak di Pasaran -...
2026-05-25 14:18:13 [INFO] [pangan-rss] Diterima (171): {'title': 'Pemkab Bangka Selatan Pantau Kondisi Stok Pangan, Bahan Pokok Aman hi...
2026-05-25 14:18:13 [INFO] [pangan-rss] Diterima (172): {'title': 'Mendes PDT Yandri Susanto, Dorong Optimalisasi Dana Desa untuk Ketaha...
2026-05-25 14:18:14 [INFO] [pangan-rss] Diterima (173): {'title': 'Harga Cabai Melejit, Beban Belanja Warga Kian Berat - banjarbaruklik....
2026-05-25 14:18:14 [INFO] [pangan-rss] Diterima (174): {'title': 'Jelang Idul Adha, KPPU Temukan Harga Enam Komoditas Pangan di Lampung...
2026-05-25 14:18:15 [INFO] [pangan-rss] Diterima (175): {'title': 'Refleksi di Hari Kehati: Kekayaan Pangan Lokal Terabaikan di Tengah K...
2026-05-25 14:18:15 [INFO] [pangan-rss] Diterima (176): {'title': 'Warga Sumringah, Pasar Murah Diperluas, Setiap Kelurahan Kebagian Sup...
2026-05-25 14:18:16 [INFO] [pangan-rss] Diterima (177): {'title': 'Jelang Idul Adha 2026, KPPU: 6 Komoditas Pangan Lampung Lampaui HET -...
2026-05-25 14:18:16 [INFO] [pangan-rss] Diterima (178): {'title': 'Siapkan Langkah Antisipasi Untuk Menangani Kenaikan Harga Berbagai Ko...
2026-05-25 14:18:17 [INFO] [pangan-rss] Diterima (179): {'title': 'Dinas Ketahanan Pangan Prov. Kalteng Adakan Pemantauan Terhadap 23 Ko...
2026-05-25 14:18:18 [INFO] [pangan-rss] Diterima (180): {'title': 'Harga Komoditas Pangan di Tangerang Selatan Melonjak Menjelang Idul A...
2026-05-25 14:18:18 [INFO] [pangan-rss] Diterima (181): {'title': 'Pelindungan Maksimal, Barantin Amankan 42 Ton Produk Pangan Ilegal ya...
2026-05-25 14:18:19 [INFO] [pangan-rss] Diterima (182): {'title': 'Bantuan Pangan Beras dan Minyak Goreng di Perpanjang Sampai Juni, Ban...
2026-05-25 14:18:19 [INFO] [pangan-rss] Diterima (183): {'title': 'Pemko Tanjungpinang jual bahan pangan murah jelang Idul Adha - ANTARA...
2026-05-25 14:18:20 [INFO] [pangan-rss] Diterima (184): {'title': 'Stok Bahan Pangan Aman Jelang Iduladha, Masyarakat Sumsel Diminta Tak...
2026-05-25 14:18:20 [INFO] [pangan-rss] Diterima (185): {'title': '11 Bahan Pangan RI Ini Dibeli Pakai Dolar, Jadi Favorit Warga RI - CN...
2026-05-25 14:18:21 [INFO] [pangan-rss] Diterima (186): {'title': 'Pastikan Stabilitas Pangan Jelang Idul Adha, Ombudsman RI Sidak Pasar...
2026-05-25 14:18:21 [INFO] [pangan-rss] Diterima (187): {'title': 'Harga Cabai Naik Signifikan, Rawit Merah Tembus Rp73.500/Kg - Sektor ...
2026-05-25 14:18:22 [INFO] [pangan-rss] Diterima (188): {'title': 'Sambut HBKN: Bupati dan Wabup Dukung Penuh Gerakan Pangan Murah DKPP ...
2026-05-25 14:18:22 [INFO] [pangan-rss] Diterima (189): {'title': '42 Ton Pangan Ilegal di Pontianak Mulai Membusuk dan Tumbuh Tunas - B...
2026-05-25 14:18:23 [INFO] [pangan-rss] Diterima (190): {'title': 'Jamin Mutu Komoditas Pangan, Pemkot Tangerang Gencarkan Sosialisasi K...
2026-05-25 14:18:23 [INFO] [pangan-rss] Diterima (191): {'title': 'Inflasi Lampung Terkendali, Pemprov Lampung Intensifkan Pengawasan da...
2026-05-25 14:18:24 [INFO] [pangan-rss] Diterima (192): {'title': 'Ketenangan Pasar Pangan: Kesiapan Menjelang Pesta Kurban - tandaseru....
2026-05-25 14:18:24 [INFO] [pangan-rss] Diterima (193): {'title': 'Rakor Nasional Inflasi, Bener Meriah Catat Penurunan Harga Komoditas ...
2026-05-25 14:18:25 [INFO] [pangan-rss] Diterima (194): {'title': 'Pemprov Dorong Pengembangan Komoditas Sagu Sebagai Pangan Lokal Unggu...
2026-05-25 14:18:25 [INFO] [pangan-rss] Diterima (195): {'title': 'Ombudsman RI Temukan MinyaKita Langka dan Harga Pangan Lampaui HET Pa...
2026-05-25 14:18:26 [INFO] [pangan-rss] Diterima (196): {'title': 'Sederet Komoditas Pangan Indonesia yang Masih Dibeli Pakai Dolar AS -...
2026-05-25 14:18:26 [INFO] [pangan-rss] Diterima (197): {'title': 'Pemkab Malinau Optimalkan Lahan Tidur Melalui Program Tanam Jagung da...
2026-05-25 14:18:27 [INFO] [pangan-rss] Diterima (198): {'title': 'Jelang Iduladha, Warga Sumsel Diimbau Tak Panic Buying, Stok Pangan D...
2026-05-25 14:18:27 [INFO] [pangan-rss] Diterima (199): {'title': 'Wagub Sulsel Minta TPID Perkuat Stabilitas Harga dan Pasokan Pangan J...
2026-05-25 14:18:28 [INFO] [pangan-rss] Diterima (200): {'title': 'Kota Palangka Raya Gandeng Kabupaten Karo Perkuat Distribusi Komodita...
2026-05-25 14:18:28 [INFO] [pangan-rss] Diterima (201): {'title': 'Harga Komoditas Pangan Mulai Naik - RMOL JATENG', 'link': 'https://ne...
2026-05-25 14:18:29 [INFO] [pangan-rss] Diterima (202): {'title': 'Harga Komoditas Pangan Pokok Mayoritas Turun - TVRI News', 'link': 'h...
2026-05-25 14:18:29 [INFO] [pangan-rss] Diterima (203): {'title': 'Komitmen Jamin Keamanan Pangan, Karantina Papua Musnahkan 4,19 Ton Ko...
2026-05-25 14:18:30 [INFO] [pangan-rss] Diterima (204): {'title': 'Sumsel deflasi 0,04 persen pada April didorong komoditas pangan - ANT...
2026-05-25 14:18:30 [INFO] [pangan-rss] Diterima (205): {'title': 'Harga Pangan Hari Ini 9 Mei, Mayoritas Komoditas Pangan Naik - Bisnis...
2026-05-25 14:18:31 [INFO] [pangan-rss] Diterima (206): {'title': 'Kementerian Pertanian Republik Indonesia - pertanian.go.id', 'link': ...
2026-05-25 14:18:31 [INFO] [pangan-rss] Diterima (207): {'title': 'Wagub Sulteng: Program Berani Makmur untuk majukan sektor tanaman pan...
2026-05-25 14:18:32 [INFO] [pangan-rss] Diterima (208): {'title': 'Ahli Pemohon: Dampak Impor Pangan Berimbas ke Petani Kecil - Mahkamah...
2026-05-25 14:18:32 [INFO] [pangan-rss] Diterima (209): {'title': 'Rakor Pengendalian Inflasi: Komoditas Pangan Jadi Sorotan, Daerah Dim...
2026-05-25 14:18:33 [INFO] [pangan-rss] Diterima (210): {'title': 'Lima Komoditas Pangan di Cirebon Naik, Cabai Rawit Tembus Rp78.000 - ...
2026-05-25 14:18:33 [INFO] [pangan-rss] Diterima (211): {'title': 'Pemerintah Tingkatkan Koordinasi Ketahanan Pangan Nasional - Kemenko ...
2026-05-25 14:18:34 [INFO] [pangan-rss] Diterima (212): {'title': 'Diversifikasi Pangan di Bali Diperkuat,Komoditas Lokal Jadi Andalan -...
2026-05-25 14:18:34 [INFO] [pangan-rss] Diterima (213): {'title': 'Selama Ramadan, Barantin Siagakan 3.930 Personel dalam Pengawasan Kom...
2026-05-25 14:18:35 [INFO] [pangan-rss] Diterima (214): {'title': 'Zulhas Minta Kopdes Merah Putih Aktif Serap Komoditas Pangan - Kemenk...
2026-05-25 14:18:35 [INFO] [pangan-rss] Diterima (215): {'title': 'Harga Bahan Pangan Relatif Stabil, Daya Beli Terjaga, TPID Ponorogo J...
2026-05-25 14:18:36 [INFO] [pangan-rss] Diterima (216): {'title': 'Usai Zoom Meeting Bersama Kemendagri RI, Pemerintah Kabupaten Kampar ...
2026-05-25 14:18:36 [INFO] [pangan-rss] Diterima (217): {'title': 'Masih Dinamis, Ini Update Terbaru Harga Komoditas Pangan di Pasar Mod...
2026-05-25 14:18:52 [INFO] [pangan-rss] Flush periodik 217 event...
2026-05-25 14:18:52 [INFO] [Buffer] pangan-rss: 217 event → /home/aaron31/.pangan_buffer/pangan_rss/2026-05-25_14-18.json
2026-05-25 14:18:52 [INFO] [pangan-api] Flush periodik 8 event...
2026-05-25 14:18:52 [INFO] [Buffer] pangan-api: 8 event → /home/aaron31/.pangan_buffer/pangan_api/2026-05-25_14-18.json
2026-05-25 14:18:57 [INFO] [HDFS] ✓ /data/pangan/rss/2026-05-25_14-18.json
2026-05-25 14:18:57 [INFO] [Dashboard] ✓ live_rss.json diperbarui (200 entry)
2026-05-25 14:18:57 [INFO] [HDFS] ✓ /data/pangan/api/2026-05-25_14-18.json
2026-05-25 14:18:57 [INFO] [Dashboard] ✓ live_api.json diperbarui (86 entry)
2026-05-25 14:21:48 [INFO] [pangan-rss] Diterima (1): {'title': 'Update Harga Bahan Pangan Pokok di Kota Tangerang Terpantau Stabil - ...
2026-05-25 14:21:48 [INFO] [pangan-rss] Flush 1 event...
2026-05-25 14:21:48 [INFO] [Buffer] pangan-rss: 1 event → /home/aaron31/.pangan_buffer/pangan_rss/2026-05-25_14-21.json
2026-05-25 14:21:52 [INFO] [HDFS] ✓ /data/pangan/rss/2026-05-25_14-21.json
2026-05-25 14:21:52 [INFO] [Dashboard] ✓ live_rss.json diperbarui (200 entry)
2026-05-25 14:21:52 [INFO] [pangan-rss] Diterima (1): {'title': 'Tim Gabungan Turun ke Pasar, Pastikan Stok dan Harga Pangan Tetap Ama...
2026-05-25 14:21:52 [INFO] [pangan-rss] Diterima (2): {'title': 'Harga Pangan Dipantau Ketat hinga H+7 Lebaran, Disperindag Cilegon Ja...
2026-05-25 14:21:52 [INFO] [pangan-rss] Diterima (3): {'title': 'Sidak Pasar Jelang Idul Adha, KPPU Temukan Enam Komoditas Pangan diat...
2026-05-25 14:21:53 [INFO] [pangan-rss] Diterima (4): {'title': 'Kawal Pangan Sehat Untuk Generasi Indonesia, Karantina Pastikan pasok...
2026-05-25 14:21:53 [INFO] [pangan-rss] Diterima (5): {'title': '42 Ton Pangan Ilegal di Pontianak Mulai Membusuk dan Tumbuh Tunas - B...
2026-05-25 14:21:54 [INFO] [pangan-rss] Diterima (6): {'title': 'Pengawasan Stabilisasi Harga dan Supply Chain Komoditas Pangan di Kab...
2026-05-25 14:21:54 [INFO] [pangan-rss] Diterima (7): {'title': 'Inflasi Lebaran 2026 “Terkendali”, Rakor Tekankan Waspada Komoditas P...
2026-05-25 14:21:55 [INFO] [pangan-rss] Diterima (8): {'title': 'Kementerian Pertanian Republik Indonesia - pertanian.go.id', 'link': ...
2026-05-25 14:21:55 [INFO] [pangan-rss] Diterima (9): {'title': 'Update Harga Pangan di Kota Tangerang Pertengahan Bulan Ramadan 1447 ...
2026-05-25 14:21:56 [INFO] [pangan-rss] Diterima (10): {'title': 'Nilai Tukar Rupiah Melemah, Harga Pangan Berpotensi Naik - Universita...
2026-05-25 14:21:56 [INFO] [pangan-rss] Diterima (11): {'title': 'Stok Komoditas Pangan Strategis Kabupaten Semarang Aman Selama Lebara...
2026-05-25 14:21:57 [INFO] [pangan-rss] Diterima (12): {'title': 'HL Ajak Jajaran Pemda Perkuat Komoditas Pangan Lokal - Siwalima', 'li...
2026-05-25 14:21:57 [INFO] [pangan-rss] Diterima (13): {'title': 'Gerakan Pangan Murah, Solusi Pemerintah Jaga Stabilitas Harga Jelang ...
2026-05-25 14:21:58 [INFO] [pangan-rss] Diterima (14): {'title': 'Kementerian Pertanian Republik Indonesia - pertanian.go.id', 'link': ...
2026-05-25 14:21:58 [INFO] [pangan-rss] Diterima (15): {'title': 'Ini 11 Negara Pemasok Bahan Pangan Terbesar di Dunia, Ada Indonesia! ...
2026-05-25 14:23:53 [INFO] [pangan-rss] Flush periodik 15 event...
2026-05-25 14:23:53 [INFO] [Buffer] pangan-rss: 15 event → /home/aaron31/.pangan_buffer/pangan_rss/2026-05-25_14-23.json
2026-05-25 14:23:56 [INFO] [HDFS] ✓ /data/pangan/rss/2026-05-25_14-23.json
2026-05-25 14:23:56 [INFO] [Dashboard] ✓ live_rss.json diperbarui (200 entry)
2026-05-25 14:26:56 [INFO] [pangan-rss] Diterima (1): {'title': 'Operasi Pasar Murah Pemprov Riau Pekan Ini Masih Terpusat di Pekanbar...
2026-05-25 14:26:56 [INFO] [pangan-rss] Flush 1 event...
2026-05-25 14:26:56 [INFO] [Buffer] pangan-rss: 1 event → /home/aaron31/.pangan_buffer/pangan_rss/2026-05-25_14-26.json
2026-05-25 14:27:00 [INFO] [HDFS] ✓ /data/pangan/rss/2026-05-25_14-26.json
2026-05-25 14:27:00 [INFO] [Dashboard] ✓ live_rss.json diperbarui (200 entry)
2026-05-25 14:27:00 [INFO] [pangan-rss] Diterima (1): {'title': 'Warga diingatkan tak "panic buying" terkait kenaikan harga pangan - A...
2026-05-25 14:27:00 [INFO] [pangan-rss] Diterima (2): {'title': 'Pemprov DKI siaga pantau harga pangan jelang Idul Adha - Elshinta', '...
2026-05-25 14:27:00 [INFO] [pangan-rss] Diterima (3): {'title': 'Mendag Budi Santoso Pastikan Harga Pangan Stabil Menjelang Idul Adha ...
2026-05-25 14:27:00 [INFO] [pangan-rss] Diterima (4): {'title': 'Harga Pangan 24 Mei 2026 Naik Menjelang Idul Adha - Kabarnusantara.id...
2026-05-25 14:27:01 [INFO] [pangan-rss] Diterima (5): {'title': 'Potensi Bisnis Jewawut untuk UMKM: Serealia Lokal Bergizi yang Hampir...
2026-05-25 14:27:01 [INFO] [pangan-rss] Diterima (6): {'title': 'Prabowo Subianto Targetkan Swasembada Daging Pangan Empat Tahun Lagi ...
2026-05-25 14:27:02 [INFO] [pangan-rss] Diterima (7): {'title': 'Prabowo Klaim Swasembada Pangan Nasional Tercapai dalam Sembilan Bela...
2026-05-25 14:27:02 [INFO] [pangan-rss] Diterima (8): {'title': 'Harga Pangan 24 Mei 2026 Melonjak Menjelang Idul Adha - MediaKompeten...
2026-05-25 14:27:03 [INFO] [pangan-rss] Diterima (9): {'title': 'Bahan Pengawet Makanan Kemasan Tingkatkan Risiko Hipertensi dan Strok...
2026-05-25 14:27:03 [INFO] [pangan-rss] Diterima (10): {'title': 'Inflasi Januari 2026 Terkendali, Mendagri Minta Daerah Tetap Waspadai...
2026-05-25 14:27:04 [INFO] [pangan-rss] Diterima (11): {'title': 'Badan Pengawasan Keuangan dan Pembangunan - Badan Pengawasan Keuangan...
2026-05-25 14:27:04 [INFO] [pangan-rss] Diterima (12): {'title': 'Jaga Stabilitas Harga Pangan, Pemkab Tuban Gelar GPM - Tuban Smart Ci...
2026-05-25 14:29:00 [INFO] [pangan-rss] Flush periodik 12 event...
2026-05-25 14:29:00 [INFO] [Buffer] pangan-rss: 12 event → /home/aaron31/.pangan_buffer/pangan_rss/2026-05-25_14-29.json
2026-05-25 14:29:04 [INFO] [HDFS] ✓ /data/pangan/rss/2026-05-25_14-29.json
2026-05-25 14:29:04 [INFO] [Dashboard] ✓ live_rss.json diperbarui (200 entry)
2026-05-25 14:32:04 [INFO] [pangan-rss] Diterima (1): {'title': 'Pemkot Pasuruan Ikuti Rakor TPID untuk Antisipasi Kenaikan Harga Jela...
2026-05-25 14:32:04 [INFO] [pangan-rss] Flush 1 event...
2026-05-25 14:32:04 [INFO] [Buffer] pangan-rss: 1 event → /home/aaron31/.pangan_buffer/pangan_rss/2026-05-25_14-32.json
2026-05-25 14:32:08 [INFO] [HDFS] ✓ /data/pangan/rss/2026-05-25_14-32.json
2026-05-25 14:32:08 [INFO] [Dashboard] ✓ live_rss.json diperbarui (200 entry)
2026-05-25 14:32:08 [INFO] [pangan-rss] Diterima (1): {'title': 'Jelang Iduladha, Harga Daging Sapi Naik, Minyak Kita Langka - Banten ...
2026-05-25 14:32:08 [INFO] [pangan-rss] Diterima (2): {'title': 'Disperindag Cilegon Pastikan Stok Aman, Harga Pangan Tak Melonjak Jel...
2026-05-25 14:32:08 [INFO] [pangan-rss] Diterima (3): {'title': 'Strategi Redam Harga Pangan Saat Dolar Perkasa, Digitalisasi Koperasi...
