2026-05-25 14:16:39 [INFO] ╔══════════════════════════════════════════════════════╗
2026-05-25 14:16:39 [INFO] ║  HargaPangan Monitor — producer_api.py               ║
2026-05-25 14:16:39 [INFO] ║  Anggota 2: Integrasi API Eksternal                  ║
2026-05-25 14:16:39 [INFO] ╚══════════════════════════════════════════════════════╝
2026-05-25 14:16:39 [INFO] Kafka Broker  : localhost:9092
2026-05-25 14:16:39 [INFO] Kafka Topic   : pangan-api
2026-05-25 14:16:39 [INFO] Poll Interval : 30 menit
2026-05-25 14:16:39 [INFO] Komoditas     : beras, jagung, kedelai, gula, minyak_goreng, cabai, bawang_merah, telur
2026-05-25 14:16:39 [INFO] <BrokerConnection node_id=bootstrap-0 host=localhost:9092 <connecting> [IPv4 ('127.0.0.1', 9092)]>: connecting to localhost:9092 [('127.0.0.1', 9092) IPv4]
2026-05-25 14:16:39 [INFO] Probing node bootstrap-0 broker version
2026-05-25 14:16:39 [INFO] <BrokerConnection node_id=bootstrap-0 host=localhost:9092 <connecting> [IPv4 ('127.0.0.1', 9092)]>: Connection complete.
2026-05-25 14:16:40 [INFO] Broker version identified as 2.5.0
2026-05-25 14:16:40 [INFO] Set configuration api_version=(2, 5, 0) to skip auto check_version requests on startup
2026-05-25 14:16:40 [INFO] [Kafka] Producer terhubung ke localhost:9092
2026-05-25 14:16:40 [INFO] 
═══════════════════════════════════════════════════════
2026-05-25 14:16:40 [INFO] POLLING #1 — 2026-05-25 14:16:40
2026-05-25 14:16:40 [INFO] ═══════════════════════════════════════════════════════
2026-05-25 14:16:40 [INFO] ───────────────────────────────────────────────────────
2026-05-25 14:16:40 [INFO] Mencoba Badanpangan API...
2026-05-25 14:16:40 [WARNING] [BadanPangan] Gagal: Expecting value: line 1 column 1 (char 0)
2026-05-25 14:16:40 [INFO] Mencoba World Bank API...
2026-05-25 14:16:42 [WARNING] Semua API gagal — menggunakan Simulator Realistis
2026-05-25 14:16:42 [WARNING] (Dokumentasikan ini di README sesuai petunjuk!)
2026-05-25 14:16:42 [INFO] [Simulator] Generated 8 komoditas
2026-05-25 14:16:42 [INFO] Sumber data: [simulator] | 8 record diterima
2026-05-25 14:16:42 [INFO] <BrokerConnection node_id=1 host=localhost:9092 <connecting> [IPv4 ('127.0.0.1', 9092)]>: connecting to localhost:9092 [('127.0.0.1', 9092) IPv4]
2026-05-25 14:16:42 [INFO] <BrokerConnection node_id=1 host=localhost:9092 <connecting> [IPv4 ('127.0.0.1', 9092)]>: Connection complete.
2026-05-25 14:16:42 [INFO] <BrokerConnection node_id=bootstrap-0 host=localhost:9092 <connected> [IPv4 ('127.0.0.1', 9092)]>: Closing connection. 
2026-05-25 14:16:42 [INFO]   ✓ [beras          ] Rp     14,475/kg  → partition=0 offset=0
2026-05-25 14:16:43 [INFO]   ✓ [jagung         ] Rp      5,789/kg  → partition=0 offset=1
2026-05-25 14:16:43 [INFO]   ✓ [kedelai        ] Rp     11,991/kg  → partition=0 offset=2
2026-05-25 14:16:44 [INFO]   ✓ [gula           ] Rp     17,068/kg  → partition=0 offset=3
2026-05-25 14:16:44 [INFO]   ✓ [minyak_goreng  ] Rp     17,558/liter  → partition=0 offset=4
2026-05-25 14:16:45 [INFO]   ✓ [cabai          ] Rp     44,927/kg  → partition=0 offset=5
2026-05-25 14:16:45 [INFO]   ✓ [bawang_merah   ] Rp     36,218/kg  → partition=0 offset=6
2026-05-25 14:16:46 [INFO]   ✓ [telur          ] Rp     29,206/kg  → partition=0 offset=7
2026-05-25 14:16:46 [INFO] Kafka: 8/8 pesan terkirim ke topic 'pangan-api'
2026-05-25 14:16:46 [INFO] 
📊 Ringkasan Harga:
2026-05-25 14:16:46 [INFO]   ↑ Telur          : Rp     29,206/kg (+0.7%)
2026-05-25 14:16:46 [INFO]   ↑ Gula           : Rp     17,068/kg (+0.4%)
2026-05-25 14:16:46 [INFO]   ↑ Minyak Goreng  : Rp     17,558/liter (+0.3%)
2026-05-25 14:16:46 [INFO]   ↓ Kedelai        : Rp     11,991/kg (-0.1%)
2026-05-25 14:16:46 [INFO]   ↓ Cabai          : Rp     44,927/kg (-0.2%)
2026-05-25 14:16:46 [INFO]   ↓ Beras          : Rp     14,475/kg (-0.2%)
2026-05-25 14:16:46 [INFO]   ↓ Jagung         : Rp      5,789/kg (-0.2%)
2026-05-25 14:16:46 [INFO]   ↓ Bawang Merah   : Rp     36,218/kg (-4.7%)
2026-05-25 14:16:46 [INFO] 
Polling berikutnya: 14:46:40 (dalam 29.9 menit)
