2026-05-25 14:57:56 [INFO] HDFS Namenode: namenode:8020
2026-05-25 14:57:56 [INFO] Dashboard output: /home/aaron31/BigDat/BigData-ETS/dashboard/data
2026-05-25 14:57:56 [INFO] Initializing Spark Session...
26/05/25 14:57:58 WARN Utils: Your hostname, LAPTOP-SPHS7VB5 resolves to a loopback address: 127.0.1.1; using 10.255.255.254 instead (on interface lo)
26/05/25 14:57:58 WARN Utils: Set SPARK_LOCAL_IP if you need to bind to another address
Setting default log level to "WARN".
To adjust logging level use sc.setLogLevel(newLevel). For SparkR, use setLogLevel(newLevel).
26/05/25 14:57:58 WARN NativeCodeLoader: Unable to load native-hadoop library for your platform... using builtin-java classes where applicable
2026-05-25 14:58:00 [INFO] ✓ Spark session initialized
2026-05-25 14:58:00 [INFO] Reading from local file: /home/aaron31/BigDat/BigData-ETS/dashboard/data/live_api.json
2026-05-25 14:58:00 [INFO]   ✓ Successfully read 95 records from /home/aaron31/BigDat/BigData-ETS/dashboard/data/live_api.json
2026-05-25 14:58:02 [INFO] Reading from local file: /home/aaron31/BigDat/BigData-ETS/dashboard/data/live_rss.json
2026-05-25 14:58:02 [INFO]   ✓ Successfully read 200 records from /home/aaron31/BigDat/BigData-ETS/dashboard/data/live_rss.json
[Stage 0:>                                                        (0 + 16) / 16]                                                                                2026-05-25 14:58:05 [INFO] API data source: local (95 records)
2026-05-25 14:58:05 [INFO] RSS data source: local (200 records)
[Stage 6:>                                                        (0 + 16) / 16]                                                                                ======================================================================
  HargaPangan - Spark Analysis (Native HDFS + Fallback)
======================================================================

======================================================================
ANALISIS 1: VOLATILITAS HARGA PER KOMODITAS
======================================================================
+-------------+-------------+---------+---------+---------+------------+-----------+------------------+
|komoditas    |label        |harga_max|harga_min|harga_avg|harga_stddev|jumlah_data|indeks_volatilitas|
+-------------+-------------+---------+---------+---------+------------+-----------+------------------+
|cabai        |Cabai        |48004.81 |41958.1  |45270.48 |1703.25     |12         |13.36             |
|bawang_merah |Bawang Merah |39832.89 |35957.29 |37962.44 |1216.03     |11         |10.21             |
|jagung       |Jagung       |5879.84  |5719.86  |5774.63  |41.29       |12         |2.77              |
|kedelai      |Kedelai      |12155.13 |11934.44 |12054.51 |63.28       |12         |1.83              |
|gula         |Gula         |17165.94 |16891.88 |17057.91 |69.75       |12         |1.61              |
|telur        |Telur        |29316.65 |28857.59 |29189.27 |121.87      |11         |1.57              |
|beras        |Beras        |14602.12 |14394.22 |14492.49 |55.29       |13         |1.43              |
|minyak_goreng|Minyak Goreng|17584.39 |17369.53 |17482.59 |65.87       |12         |1.23              |
+-------------+-------------+---------+---------+---------+------------+-----------+------------------+


📊 INTERPRETASI & REKOMENDASI:
──────────────────────────────────────────────────────────────────────
🟠 WARNING Cabai           (vol= 13.36%)
           Rekomendasi: Monitoring ketat, cek ketersediaan stok
           Harga: Rp     41,958 - Rp     48,005
🟠 WARNING Bawang Merah    (vol= 10.21%)
           Rekomendasi: Monitoring ketat, cek ketersediaan stok
           Harga: Rp     35,957 - Rp     39,833
🟢 NORMAL Jagung          (vol=  2.77%)
           Rekomendasi: Kondisi stabil, lanjutkan monitoring rutin
           Harga: Rp      5,720 - Rp      5,880
🟢 NORMAL Kedelai         (vol=  1.83%)
           Rekomendasi: Kondisi stabil, lanjutkan monitoring rutin
           Harga: Rp     11,934 - Rp     12,155
🟢 NORMAL Gula            (vol=  1.61%)
           Rekomendasi: Kondisi stabil, lanjutkan monitoring rutin
           Harga: Rp     16,892 - Rp     17,166
🟢 NORMAL Telur           (vol=  1.57%)
           Rekomendasi: Kondisi stabil, lanjutkan monitoring rutin
           Harga: Rp     28,858 - Rp     29,317
🟢 NORMAL Beras           (vol=  1.43%)
           Rekomendasi: Kondisi stabil, lanjutkan monitoring rutin
           Harga: Rp     14,394 - Rp     14,602
🟢 NORMAL Minyak Goreng   (vol=  1.23%)
           Rekomendasi: Kondisi stabil, lanjutkan monitoring rutin
           Harga: Rp     17,370 - Rp     17,584

======================================================================
ANALISIS 2: TREN HARGA PER KOMODITAS (TIME SERIES)
======================================================================
+-------------+-------------+-----------------------+------------------------+-------------------------+----------------+---------------+
|komoditas    |label        |harga_rata2_keseluruhan|harga_terendah_sepanjang|harga_tertinggi_sepanjang|jumlah_hari_data|total_observasi|
+-------------+-------------+-----------------------+------------------------+-------------------------+----------------+---------------+
|cabai        |Cabai        |45270.48               |41958.1                 |48004.81                 |2               |12             |
|bawang_merah |Bawang Merah |37962.44               |35957.29                |39832.89                 |2               |11             |
|telur        |Telur        |29189.27               |28857.59                |29316.65                 |2               |11             |
|minyak_goreng|Minyak Goreng|17482.59               |17369.53                |17584.39                 |2               |12             |
|gula         |Gula         |17057.91               |16891.88                |17165.94                 |2               |12             |
|beras        |Beras        |14492.49               |14394.22                |14602.12                 |2               |13             |
|kedelai      |Kedelai      |12054.51               |11934.44                |12155.13                 |2               |12             |
|jagung       |Jagung       |5774.63                |5719.86                 |5879.84                  |2               |12             |
+-------------+-------------+-----------------------+------------------------+-------------------------+----------------+---------------+


📈 INTERPRETASI & REKOMENDASI:
──────────────────────────────────────────────────────────────────────
📍 Cabai          
   Harga rata-rata: Rp     45,270
   Range sepanjang waktu: Rp     41,958 - Rp     48,005 (14.4% range)
   Data points: 12 observasi dalam 2 hari
   💰 Catatan: Harga tinggi - monitor untuk potensi dampak daya beli

📍 Bawang Merah   
   Harga rata-rata: Rp     37,962
   Range sepanjang waktu: Rp     35,957 - Rp     39,833 (10.8% range)
   Data points: 11 observasi dalam 2 hari
   💰 Catatan: Harga tinggi - monitor untuk potensi dampak daya beli

📍 Telur          
   Harga rata-rata: Rp     29,189
   Range sepanjang waktu: Rp     28,858 - Rp     29,317 (1.6% range)
   Data points: 11 observasi dalam 2 hari

📍 Minyak Goreng  
   Harga rata-rata: Rp     17,483
   Range sepanjang waktu: Rp     17,370 - Rp     17,584 (1.2% range)
   Data points: 12 observasi dalam 2 hari

📍 Gula           
   Harga rata-rata: Rp     17,058
   Range sepanjang waktu: Rp     16,892 - Rp     17,166 (1.6% range)
   Data points: 12 observasi dalam 2 hari

📍 Beras          
   Harga rata-rata: Rp     14,492
   Range sepanjang waktu: Rp     14,394 - Rp     14,602 (1.4% range)
   Data points: 13 observasi dalam 2 hari

📍 Kedelai        
   Harga rata-rata: Rp     12,055
   Range sepanjang waktu: Rp     11,934 - Rp     12,155 (1.8% range)
   Data points: 12 observasi dalam 2 hari

📍 Jagung         
   Harga rata-rata: Rp      5,775
   Range sepanjang waktu: Rp      5,720 - Rp      5,880 (2.8% range)
   Data points: 12 observasi dalam 2 hari

======================================================================
ANALISIS 3: KORELASI BERITA vs VOLATILITAS HARGA
======================================================================
+-------------+-------------+------------------+---------+--------------+-------------------------------------------------+
|komoditas    |label        |indeks_volatilitas|harga_avg|jumlah_sebutan|status_korelasi                                  |
+-------------+-------------+------------------+---------+--------------+-------------------------------------------------+
|cabai        |Cabai        |13.36             |45270.48 |25            |TINGGI: Banyak liputan + Harga bergejolak        |
|minyak_goreng|Minyak Goreng|1.23              |17482.59 |13            |MODERAT: Sering diberitakan, harga relatif stabil|
|beras        |Beras        |1.43              |14492.49 |7             |MODERAT: Sering diberitakan, harga relatif stabil|
|gula         |Gula         |1.61              |17057.91 |5             |RENDAH: Stabil dan jarang diberitakan            |
|bawang_merah |Bawang Merah |10.21             |37962.44 |4             |WASPADA: Harga bergejolak tapi minim liputan     |
|telur        |Telur        |1.57              |29189.27 |2             |RENDAH: Stabil dan jarang diberitakan            |
|jagung       |Jagung       |2.77              |5774.63  |1             |RENDAH: Stabil dan jarang diberitakan            |
|kedelai      |Kedelai      |1.83              |12054.51 |0             |RENDAH: Stabil dan jarang diberitakan            |
+-------------+-------------+------------------+---------+--------------+-------------------------------------------------+
2026-05-25 14:58:16 [INFO] Saving analysis results...
2026-05-25 14:58:17 [INFO] ✓ Saved to dashboard: /home/aaron31/BigDat/BigData-ETS/dashboard/data/spark_results.json
2026-05-25 07:58:27,869 INFO sasl.SaslDataTransferClient: SASL encryption trust check: localHostTrusted = false, remoteHostTrusted = false
2026-05-25 14:58:28 [INFO] ✓ Saved to HDFS: /data/pangan/hasil/spark_results.json
2026-05-25 14:58:29 [INFO] Spark session closed.


📰 INTERPRETASI & INSIGHT:
──────────────────────────────────────────────────────────────────────
📍 Cabai           → TINGGI: Banyak liputan + Harga bergejolak
   Liputan: 25 artikel | Volatilitas: 13.36%
   ⚠️  ALERT: Media sering membahas dan harga sangat fluktuatif

📍 Minyak Goreng   → MODERAT: Sering diberitakan, harga relatif stabil
   Liputan: 13 artikel | Volatilitas: 1.23%
   ℹ️  Komoditas mendapat perhatian media (monitoring diperlukan)

📍 Beras           → MODERAT: Sering diberitakan, harga relatif stabil
   Liputan: 7 artikel | Volatilitas: 1.43%
   ℹ️  Komoditas mendapat perhatian media (monitoring diperlukan)

📍 Gula            → RENDAH: Stabil dan jarang diberitakan
   Liputan: 5 artikel | Volatilitas: 1.61%

📍 Bawang Merah    → WASPADA: Harga bergejolak tapi minim liputan
   Liputan: 4 artikel | Volatilitas: 10.21%
   🔔 Harga bergejolak namun media coverage terbatas

📍 Telur           → RENDAH: Stabil dan jarang diberitakan
   Liputan: 2 artikel | Volatilitas: 1.57%

📍 Jagung          → RENDAH: Stabil dan jarang diberitakan
   Liputan: 1 artikel | Volatilitas: 2.77%

📍 Kedelai         → RENDAH: Stabil dan jarang diberitakan
   Liputan: 0 artikel | Volatilitas: 1.83%


======================================================================
RINGKASAN EKSEKUSI
======================================================================
Waktu generasi: 2026-05-25T14:58:16.239835
Total data API: 95 records
Total data RSS: 200 articles
Hasil disimpan ke: /home/aaron31/BigDat/BigData-ETS/dashboard/data/spark_results.json
======================================================================
2026-05-25 14:58:29 [INFO] Closing down clientserver connection
